\BOOKMARK [1][-]{section.1}{\376\377\000P\000r\000o\000j\000e\000c\000t\000\040\000O\000v\000e\000r\000v\000i\000e\000w}{}% 1
\BOOKMARK [2][-]{subsection.1.1}{\376\377\000C\000a\000t\000e\000g\000o\000r\000y\000\040\000a\000n\000d\000\040\000p\000u\000r\000p\000o\000s\000e}{section.1}% 2
\BOOKMARK [2][-]{subsection.1.2}{\376\377\000U\000s\000e\000r\000\040\000i\000n\000t\000e\000r\000a\000c\000t\000i\000o\000n}{section.1}% 3
\BOOKMARK [2][-]{subsection.1.3}{\376\377\000W\000h\000y\000\040\000t\000h\000i\000s\000\040\000s\000a\000t\000i\000s\000f\000i\000e\000s\000\040\000`\000`\000c\000o\000m\000m\000u\000n\000i\000c\000a\000t\000i\000o\000n\000\040\000c\000o\000m\000p\000l\000e\000x\000i\000t\000y\000'\000'}{section.1}% 4
\BOOKMARK [2][-]{subsection.1.4}{\376\377\000M\000a\000t\000h\000e\000m\000a\000t\000i\000c\000a\000l\000\040\000n\000o\000t\000e}{section.1}% 5
\BOOKMARK [1][-]{section.2}{\376\377\000B\000u\000i\000l\000d\000\040\000a\000n\000d\000\040\000r\000u\000n\000\040\000i\000n\000s\000t\000r\000u\000c\000t\000i\000o\000n\000s}{}% 6
\BOOKMARK [2][-]{subsection.2.1}{\376\377\000E\000n\000v\000i\000r\000o\000n\000m\000e\000n\000t}{section.2}% 7
\BOOKMARK [2][-]{subsection.2.2}{\376\377\000C\000o\000m\000m\000a\000n\000d\000s}{section.2}% 8
\BOOKMARK [2][-]{subsection.2.3}{\376\377\000T\000y\000p\000i\000c\000a\000l\000\040\000s\000e\000s\000s\000i\000o\000n}{section.2}% 9
\BOOKMARK [2][-]{subsection.2.4}{\376\377\000O\000p\000t\000i\000o\000n\000a\000l\000\040\000d\000e\000m\000o\000\040\000s\000c\000r\000i\000p\000t}{section.2}% 10
\BOOKMARK [2][-]{subsection.2.5}{\376\377\000N\000o\000t\000e\000\040\000o\000n\000\040\000t\000i\000m\000i\000n\000g\000\040\000m\000e\000t\000r\000i\000c\000s}{section.2}% 11
\BOOKMARK [1][-]{section.3}{\376\377\000A\000r\000c\000h\000i\000t\000e\000c\000t\000u\000r\000e}{}% 12
\BOOKMARK [2][-]{subsection.3.1}{\376\377\000K\000e\000y\000\040\000s\000o\000u\000r\000c\000e\000\040\000f\000i\000l\000e\000s}{section.3}% 13
\BOOKMARK [1][-]{section.4}{\376\377\000C\000o\000m\000m\000u\000n\000i\000c\000a\000t\000i\000o\000n\000\040\000p\000r\000o\000t\000o\000c\000o\000l}{}% 14
\BOOKMARK [2][-]{subsection.4.1}{\376\377\000R\000e\000q\000u\000e\000s\000t\000:\000\040\000t\000a\000s\000k\000\137\000m\000s\000g\000\137\000t\000\040\000\050\000c\000o\000n\000t\000r\000o\000l\000l\000e\000r\000\040\000t\000o\000\040\000w\000o\000r\000k\000e\000r\000\051}{section.4}% 15
\BOOKMARK [2][-]{subsection.4.2}{\376\377\000R\000e\000s\000p\000o\000n\000s\000e\000:\000\040\000r\000e\000s\000u\000l\000t\000\137\000m\000s\000g\000\137\000t\000\040\000\050\000w\000o\000r\000k\000e\000r\000\040\000t\000o\000\040\000c\000o\000n\000t\000r\000o\000l\000l\000e\000r\000\051}{section.4}% 16
\BOOKMARK [2][-]{subsection.4.3}{\376\377\000P\000r\000o\000t\000o\000c\000o\000l\000\040\000m\000a\000t\000r\000i\000x\000\040\000\050\000s\000u\000m\000m\000a\000r\000y\000\051}{section.4}% 17
\BOOKMARK [2][-]{subsection.4.4}{\376\377\000I\000n\000v\000a\000r\000i\000a\000n\000t\000s}{section.4}% 18
\BOOKMARK [1][-]{section.5}{\376\377\000C\000o\000n\000c\000u\000r\000r\000e\000n\000c\000y\000\040\000m\000o\000d\000e\000l}{}% 19
\BOOKMARK [2][-]{subsection.5.1}{\376\377\000W\000o\000r\000k\000e\000r\000\040\000p\000o\000o\000l}{section.5}% 20
\BOOKMARK [2][-]{subsection.5.2}{\376\377\000S\000y\000n\000c\000h\000r\000o\000n\000i\000s\000a\000t\000i\000o\000n}{section.5}% 21
\BOOKMARK [2][-]{subsection.5.3}{\376\377\000S\000i\000m\000u\000l\000a\000t\000e\000\040\000p\000a\000t\000h}{section.5}% 22
\BOOKMARK [2][-]{subsection.5.4}{\376\377\000R\000e\000l\000a\000t\000i\000o\000n\000\040\000t\000o\000\040\000a\000s\000s\000i\000g\000n\000m\000e\000n\000t\000\040\000w\000o\000r\000d\000i\000n\000g}{section.5}% 23
\BOOKMARK [2][-]{subsection.5.5}{\376\377\000S\000i\000g\000n\000a\000l\000s}{section.5}% 24
\BOOKMARK [1][-]{section.6}{\376\377\000E\000r\000r\000o\000r\000\040\000h\000a\000n\000d\000l\000i\000n\000g\000\040\000a\000n\000d\000\040\000r\000o\000b\000u\000s\000t\000n\000e\000s\000s}{}% 25
\BOOKMARK [2][-]{subsection.6.1}{\376\377\000C\000a\000s\000e\000\040\0001\000:\000\040\000p\000a\000r\000t\000i\000a\000l\000\040\000s\000t\000a\000r\000t\000u\000p\000\040\000f\000a\000i\000l\000u\000r\000e}{section.6}% 26
\BOOKMARK [2][-]{subsection.6.2}{\376\377\000C\000a\000s\000e\000\040\0002\000:\000\040\000b\000r\000o\000k\000e\000n\000\040\000p\000i\000p\000e\000\040\000w\000h\000i\000l\000e\000\040\000d\000i\000s\000p\000a\000t\000c\000h\000i\000n\000g}{section.6}% 27
\BOOKMARK [2][-]{subsection.6.3}{\376\377\000C\000a\000s\000e\000\040\0003\000:\000\040\000b\000a\000d\000\040\000o\000r\000\040\000i\000n\000c\000o\000m\000p\000l\000e\000t\000e\000\040\000r\000e\000s\000u\000l\000t\000s}{section.6}% 28
\BOOKMARK [2][-]{subsection.6.4}{\376\377\000C\000a\000s\000e\000\040\0004\000:\000\040\000u\000n\000e\000x\000p\000e\000c\000t\000e\000d\000\040\000c\000h\000i\000l\000d\000\040\000e\000x\000i\000t}{section.6}% 29
\BOOKMARK [2][-]{subsection.6.5}{\376\377\000R\000e\000s\000o\000u\000r\000c\000e\000\040\000m\000a\000n\000a\000g\000e\000m\000e\000n\000t}{section.6}% 30
\BOOKMARK [1][-]{section.7}{\376\377\000T\000e\000a\000m\000\040\000c\000o\000n\000t\000r\000i\000b\000u\000t\000i\000o\000n\000s}{}% 31
